<?xml version="1.0" encoding="utf-8"?><testsuites name="pytest tests"><testsuite name="pytest" errors="0" failures="0" skipped="0" tests="12" time="4.974" timestamp="2026-09-18T13:12:28.193253+00:00" hostname="agent-env-9fc1e8d8-c226-446e-8111-fe7a64d11c1c"><testcase classname="tests.test_new_features" name="test_store_status_shape" time="0.744" /><testcase classname="tests.test_new_features" name="test_hours_get_requires_auth" time="0.095" /><testcase classname="tests.test_new_features" name="test_hours_get_with_auth" time="0.090" /><testcase classname="tests.test_new_features" name="test_hours_put_invalid_day" time="0.077" /><testcase classname="tests.test_new_features" name="test_hours_put_persists" time="0.312" /><testcase classname="tests.test_new_features" name="test_order_open_then_closed_then_reopen" time="0.537" /><testcase classname="tests.test_new_features" name="test_order_patch_status" time="1.014" /><testcase classname="tests.test_new_features" name="test_orders_have_status_field" time="0.090" /><testcase classname="tests.test_new_features" name="test_products_reorder" time="0.529" /><testcase classname="tests.test_new_features" name="test_upload_requires_auth" time="0.127" /><testcase classname="tests.test_new_features" name="test_upload_rejects_non_image" time="0.081" /><testcase classname="tests.test_new_features" name="test_upload_and_fetch_image" time="0.784" /></testsuite></testsuites>