<?xml version="1.0" encoding="utf-8"?><testsuites name="pytest tests"><testsuite name="pytest" errors="0" failures="0" skipped="0" tests="8" time="3.294" timestamp="2026-09-18T12:57:31.195030+00:00" hostname="agent-env-9fc1e8d8-c226-446e-8111-fe7a64d11c1c"><testcase classname="tests.test_admin_api" name="test_products_list_shape" time="0.295" /><testcase classname="tests.test_admin_api" name="test_create_order_public" time="0.087" /><testcase classname="tests.test_admin_api" name="test_login_wrong_password" time="0.294" /><testcase classname="tests.test_admin_api" name="test_me_without_token" time="0.183" /><testcase classname="tests.test_admin_api" name="test_me_with_token" time="0.560" /><testcase classname="tests.test_admin_api" name="test_create_product_no_token" time="0.079" /><testcase classname="tests.test_admin_api" name="test_product_full_crud" time="0.943" /><testcase classname="tests.test_admin_api" name="test_orders_admin" time="0.283" /></testsuite></testsuites>